<?xml version="1.0" encoding="UTF-8"?>
<testsuite name="com.patterncat.DirtTest" time="0" tests="0" errors="0" skipped="0" failures="0">
  <properties>
    <property name="java.runtime.name" value="Java(TM) SE Runtime Environment"/>
    <property name="sun.boot.library.path" value="D:\jdk1.6.0_21\jre\bin"/>
    <property name="java.vm.version" value="17.0-b17"/>
    <property name="java.vm.vendor" value="Sun Microsystems Inc."/>
    <property name="java.vendor.url" value="http://java.sun.com/"/>
    <property name="path.separator" value=";"/>
    <property name="guice.disable.misplaced.annotation.check" value="true"/>
    <property name="java.vm.name" value="Java HotSpot(TM) Client VM"/>
    <property name="file.encoding.pkg" value="sun.io"/>
    <property name="user.country" value="CN"/>
    <property name="sun.java.launcher" value="SUN_STANDARD"/>
    <property name="sun.os.patch.level" value="Service Pack 1"/>
    <property name="java.vm.specification.name" value="Java Virtual Machine Specification"/>
    <property name="user.dir" value="D:\workspace\rpc-base\rpc-server"/>
    <property name="java.runtime.version" value="1.6.0_21-b07"/>
    <property name="java.awt.graphicsenv" value="sun.awt.Win32GraphicsEnvironment"/>
    <property name="java.endorsed.dirs" value="D:\jdk1.6.0_21\jre\lib\endorsed"/>
    <property name="os.arch" value="x86"/>
    <property name="java.io.tmpdir" value="C:\Users\ADMINI~1\AppData\Local\Temp\"/>
    <property name="line.separator" value="&#10;"/>
    <property name="java.vm.specification.vendor" value="Sun Microsystems Inc."/>
    <property name="user.variant" value=""/>
    <property name="os.name" value="Windows 7"/>
    <property name="classworlds.conf" value="D:\jee-neon\workspace\.metadata\.plugins\org.eclipse.m2e.launching\launches\m2conf5783199658845966499.tmp"/>
    <property name="sun.jnu.encoding" value="GBK"/>
    <property name="java.library.path" value="D:\jdk1.6.0_21\bin;.;C:\windows\Sun\Java\bin;C:\windows\system32;C:\windows;C:/Program Files/Java/jre1.8.0_121/bin/server;C:/Program Files/Java/jre1.8.0_121/bin;C:/Program Files/Java/jre1.8.0_121/lib/amd64;D:\jdk1.6.0_21\bin;C:\ProgramData\Oracle\Java\javapath;C: \ProgramData\Oracle\Java\javapath;C:\Program Files (x86)\Common Files\NetSarang;C:\Program Files (x86)\NVIDIA Corporation\PhysX\Common;C:\windows\system32;C:\windows;C:\windows\System32\Wbem;C:\windows\System32\WindowsPowerShell\v1.0\;D:\Program Files\ImageMagick-7.0.0-Q16;C:\Program Files\Common Files\NetSarang;D:\download\ant/bin;D:\download\ant/lib;C:\Program Files\NVIDIA Corporation\PhysX\Common;C:\windows\system32;C:\windows;C:\windows\System32\Wbem;C:\windows\System32\WindowsPowerShell\v1.0\;D:\Program Files\EmEditor;D:\LINGO14\;D:\cygwin\bin;D:\MinGW\bin;D:\MinGW\lib\gcc\mingw32\4.8.1\c++;D:\MinGW\mingw32\lib\gcc\mingw32\4.8.1\c++\mingw32;D:\Ice-3.3.1\bin;d:\Program Files\Windows7Master;D:\Program Files\Windows7Master;C:\Program Files\Microsoft Windows Performance Toolkit\;D:\Program Files\GtkSharp\2.12\bin;D:\MySQL\bin;D:\apache-maven-3.2.5\bin;C:\Program Files\WinRAR;%ANT_HOME%\bin;D:\apache-maven-3.2.5\bin;D:\BerkeleyDB6.1.26\bin;D:\Program Files (x86)\Calibre2\;C:\python27;C:\python27\Scripts;C:\Program Files\TortoiseSVN\bin;D:\Ice-3.3.1/bin;D:\apache-storm-0.9.6\bin;C:\MinGW\bin;D:\phantomjs-2.1.1-windows\bin;D:\gradle-2.14.1\bin;D:\apache-maven-3.2.5\bin;D:\php7;D:\gradle-2.14.1\bin;;D:\Lua5.1;D:\Lua5.1\clibs;D:\openresty-1.13.6.1-win32;C:\windows\System32;C:\Users\Administrator\AppData\Local\GitHubDesktop\bin;C:\Users\Administrator\Desktop;"/>
    <property name="java.specification.name" value="Java Platform API Specification"/>
    <property name="java.class.version" value="50.0"/>
    <property name="sun.management.compiler" value="HotSpot Client Compiler"/>
    <property name="os.version" value="6.1"/>
    <property name="user.home" value="C:\Users\Administrator"/>
    <property name="user.timezone" value="Asia/Shanghai"/>
    <property name="java.awt.printerjob" value="sun.awt.windows.WPrinterJob"/>
    <property name="file.encoding" value="UTF-8"/>
    <property name="java.specification.version" value="1.6"/>
    <property name="user.name" value="Administrator"/>
    <property name="java.class.path" value="D:\apache-maven-3.2.5\boot\plexus-classworlds-2.5.2.jar"/>
    <property name="java.vm.specification.version" value="1.0"/>
    <property name="sun.arch.data.model" value="32"/>
    <property name="java.home" value="D:\jdk1.6.0_21\jre"/>
    <property name="java.specification.vendor" value="Sun Microsystems Inc."/>
    <property name="user.language" value="zh"/>
    <property name="awt.toolkit" value="sun.awt.windows.WToolkit"/>
    <property name="java.vm.info" value="mixed mode, sharing"/>
    <property name="java.version" value="1.6.0_21"/>
    <property name="java.ext.dirs" value="D:\jdk1.6.0_21\jre\lib\ext;C:\windows\Sun\Java\lib\ext"/>
    <property name="sun.boot.class.path" value="D:\jdk1.6.0_21\jre\lib\resources.jar;D:\jdk1.6.0_21\jre\lib\rt.jar;D:\jdk1.6.0_21\jre\lib\sunrsasign.jar;D:\jdk1.6.0_21\jre\lib\jsse.jar;D:\jdk1.6.0_21\jre\lib\jce.jar;D:\jdk1.6.0_21\jre\lib\charsets.jar;D:\jdk1.6.0_21\jre\classes"/>
    <property name="java.vendor" value="Sun Microsystems Inc."/>
    <property name="maven.home" value="D:\apache-maven-3.2.5"/>
    <property name="file.separator" value="\"/>
    <property name="java.vendor.url.bug" value="http://java.sun.com/cgi-bin/bugreport.cgi"/>
    <property name="sun.cpu.endian" value="little"/>
    <property name="sun.io.unicode.encoding" value="UnicodeLittle"/>
    <property name="sun.desktop" value="windows"/>
    <property name="sun.cpu.isalist" value=""/>
  </properties>
</testsuite>